# JRE version: Java(TM) SE Runtime Environment (8.0_181-b13) (build 1.8.0_181-b13)
# Java VM: Java HotSpot(TM) Server VM (25.181-b13 mixed mode linux-x86 )
Heap:
 PSYoungGen      total 152064K, used 25672K [0x9c8c0000, 0xa7000000, 0xa7000000)
  eden space 134400K, 9% used [0x9c8c0000,0x9d55a720,0xa4c00000)
  from space 17664K, 72% used [0xa5ec0000,0xa6b37b90,0xa7000000)
  to   space 18432K, 0% used [0xa4c00000,0xa4c00000,0xa5e00000)
 ParOldGen       total 36608K, used 21112K [0x87a00000, 0x89dc0000, 0x9c8c0000)
  object space 36608K, 57% used [0x87a00000,0x88e9e150,0x89dc0000)
 Metaspace       used 29030K, capacity 29844K, committed 29976K, reserved 30000K
GC Heap History (10 events):
Event: 7.358 GC heap before
{Heap before GC invocations=14 (full 1):
 PSYoungGen      total 153856K, used 147363K [0x9c8c0000, 0xa7000000, 0xa7000000)
  eden space 141568K, 100% used [0x9c8c0000,0xa5300000,0xa5300000)
  from space 12288K, 47% used [0xa6400000,0xa69a8c50,0xa7000000)
  to   space 14848K, 0% used [0xa5300000,0xa5300000,0xa6180000)
 ParOldGen       total 35072K, used 21853K [0x87a00000, 0x89c40000, 0x9c8c0000)
  object space 35072K, 62% used [0x87a00000,0x88f575f0,0x89c40000)
 Metaspace       used 13502K, capacity 13782K, committed 13848K, reserved 14640K
Event: 7.423 GC heap after
Heap after GC invocations=14 (full 1):
 PSYoungGen      total 156416K, used 14836K [0x9c8c0000, 0xa7000000, 0xa7000000)
  eden space 141568K, 0% used [0x9c8c0000,0x9c8c0000,0xa5300000)
  from space 14848K, 99% used [0xa5300000,0xa617d2f0,0xa6180000)
  to   space 14848K, 0% used [0xa6180000,0xa6180000,0xa7000000)
 ParOldGen       total 35072K, used 26468K [0x87a00000, 0x89c40000, 0x9c8c0000)
  object space 35072K, 75% used [0x87a00000,0x893d9210,0x89c40000)
 Metaspace       used 13502K, capacity 13782K, committed 13848K, reserved 14640K
}
Event: 9.564 GC heap before
{Heap before GC invocations=15 (full 1):
 PSYoungGen      total 156416K, used 129539K [0x9c8c0000, 0xa7000000, 0xa7000000)
  eden space 141568K, 81% used [0x9c8c0000,0xa38c3bb0,0xa5300000)
  from space 14848K, 99% used [0xa5300000,0xa617d2f0,0xa6180000)
  to   space 14848K, 0% used [0xa6180000,0xa6180000,0xa7000000)
 ParOldGen       total 35072K, used 26468K [0x87a00000, 0x89c40000, 0x9c8c0000)
  object space 35072K, 75% used [0x87a00000,0x893d9210,0x89c40000)
 Metaspace       used 19498K, capacity 20253K, committed 20308K, reserved 20784K
Event: 9.593 GC heap after
Heap after GC invocations=15 (full 1):
 PSYoungGen      total 149760K, used 9277K [0x9c8c0000, 0xa7000000, 0xa7000000)
  eden space 134912K, 0% used [0x9c8c0000,0x9c8c0000,0xa4c80000)
  from space 14848K, 62% used [0xa6180000,0xa6a8f5e0,0xa7000000)
  to   space 18176K, 0% used [0xa4c80000,0xa4c80000,0xa5e40000)
 ParOldGen       total 35072K, used 28016K [0x87a00000, 0x89c40000, 0x9c8c0000)
  object space 35072K, 79% used [0x87a00000,0x8955c2a0,0x89c40000)
 Metaspace       used 19498K, capacity 20253K, committed 20308K, reserved 20784K
}
Event: 9.593 GC heap before
{Heap before GC invocations=16 (full 2):
 PSYoungGen      total 149760K, used 9277K [0x9c8c0000, 0xa7000000, 0xa7000000)
  eden space 134912K, 0% used [0x9c8c0000,0x9c8c0000,0xa4c80000)
  from space 14848K, 62% used [0xa6180000,0xa6a8f5e0,0xa7000000)
  to   space 18176K, 0% used [0xa4c80000,0xa4c80000,0xa5e40000)
 ParOldGen       total 35072K, used 28016K [0x87a00000, 0x89c40000, 0x9c8c0000)
  object space 35072K, 79% used [0x87a00000,0x8955c2a0,0x89c40000)
 Metaspace       used 19498K, capacity 20253K, committed 20308K, reserved 20784K
Event: 9.689 GC heap after
Heap after GC invocations=16 (full 2):
 PSYoungGen      total 149760K, used 0K [0x9c8c0000, 0xa7000000, 0xa7000000)
  eden space 134912K, 0% used [0x9c8c0000,0x9c8c0000,0xa4c80000)
  from space 14848K, 0% used [0xa6180000,0xa6180000,0xa7000000)
  to   space 18176K, 0% used [0xa4c80000,0xa4c80000,0xa5e40000)
 ParOldGen       total 36608K, used 19338K [0x87a00000, 0x89dc0000, 0x9c8c0000)
  object space 36608K, 52% used [0x87a00000,0x88ce28e0,0x89dc0000)
 Metaspace       used 19498K, capacity 20253K, committed 20308K, reserved 20784K
}
Event: 10.953 GC heap before
{Heap before GC invocations=17 (full 2):
 PSYoungGen      total 149760K, used 134912K [0x9c8c0000, 0xa7000000, 0xa7000000)
  eden space 134912K, 100% used [0x9c8c0000,0xa4c80000,0xa4c80000)
  from space 14848K, 0% used [0xa6180000,0xa6180000,0xa7000000)
  to   space 18176K, 0% used [0xa4c80000,0xa4c80000,0xa5e40000)
 ParOldGen       total 36608K, used 19338K [0x87a00000, 0x89dc0000, 0x9c8c0000)
  object space 36608K, 52% used [0x87a00000,0x88ce28e0,0x89dc0000)
 Metaspace       used 21791K, capacity 22570K, committed 22680K, reserved 22832K
Event: 10.968 GC heap after
Heap after GC invocations=17 (full 2):
 PSYoungGen      total 153088K, used 4905K [0x9c8c0000, 0xa7000000, 0xa7000000)
  eden space 134912K, 0% used [0x9c8c0000,0x9c8c0000,0xa4c80000)
  from space 18176K, 26% used [0xa4c80000,0xa514a640,0xa5e40000)
  to   space 17664K, 0% used [0xa5ec0000,0xa5ec0000,0xa7000000)
 ParOldGen       total 36608K, used 19342K [0x87a00000, 0x89dc0000, 0x9c8c0000)
  object space 36608K, 52% used [0x87a00000,0x88ce38e0,0x89dc0000)
 Metaspace       used 21791K, capacity 22570K, committed 22680K, reserved 22832K
}
Event: 1682.293 GC heap before
{Heap before GC invocations=18 (full 2):
 PSYoungGen      total 153088K, used 139817K [0x9c8c0000, 0xa7000000, 0xa7000000)
  eden space 134912K, 100% used [0x9c8c0000,0xa4c80000,0xa4c80000)
  from space 18176K, 26% used [0xa4c80000,0xa514a640,0xa5e40000)
  to   space 17664K, 0% used [0xa5ec0000,0xa5ec0000,0xa7000000)
 ParOldGen       total 36608K, used 19342K [0x87a00000, 0x89dc0000, 0x9c8c0000)
  object space 36608K, 52% used [0x87a00000,0x88ce38e0,0x89dc0000)
 Metaspace       used 29004K, capacity 29829K, committed 29976K, reserved 30000K
Event: 1682.323 GC heap after
Heap after GC invocations=18 (full 2):
 PSYoungGen      total 152064K, used 12766K [0x9c8c0000, 0xa7000000, 0xa7000000)
  eden space 134400K, 0% used [0x9c8c0000,0x9c8c0000,0xa4c00000)
  from space 17664K, 72% used [0xa5ec0000,0xa6b37b90,0xa7000000)
  to   space 18432K, 0% used [0xa4c00000,0xa4c00000,0xa5e00000)
 ParOldGen       total 36608K, used 21112K [0x87a00000, 0x89dc0000, 0x9c8c0000)
  object space 36608K, 57% used [0x87a00000,0x88e9e150,0x89dc0000)
 Metaspace       used 29004K, capacity 29829K, committed 29976K, reserved 30000K
}

