# JRE version: Java(TM) SE Runtime Environment (8.0_181-b13) (build 1.8.0_181-b13)
# Java VM: Java HotSpot(TM) Server VM (25.181-b13 mixed mode linux-x86 )
Heap:
 PSYoungGen      total 136448K, used 118427K [0x9c8c0000, 0xa6ec0000, 0xa7000000)
  eden space 131584K, 86% used [0x9c8c0000,0xa37b3fc0,0xa4940000)
  from space 4864K, 98% used [0xa4940000,0xa4df2e80,0xa4e00000)
  to   space 19200K, 0% used [0xa5c00000,0xa5c00000,0xa6ec0000)
 ParOldGen       total 36096K, used 15297K [0x87a00000, 0x89d40000, 0x9c8c0000)
  object space 36096K, 42% used [0x87a00000,0x888f04b8,0x89d40000)
 Metaspace       used 23798K, capacity 24613K, committed 24704K, reserved 24880K
GC Heap History (10 events):
Event: 4.551 GC heap before
{Heap before GC invocations=11 (full 1):
 PSYoungGen      total 140032K, used 140029K [0x9c8c0000, 0xa7000000, 0xa7000000)
  eden space 127744K, 100% used [0x9c8c0000,0xa4580000,0xa4580000)
  from space 12288K, 99% used [0xa4580000,0xa517f5f0,0xa5180000)
  to   space 16384K, 0% used [0xa6000000,0xa6000000,0xa7000000)
 ParOldGen       total 37888K, used 27163K [0x87a00000, 0x89f00000, 0x9c8c0000)
  object space 37888K, 71% used [0x87a00000,0x89486ed0,0x89f00000)
 Metaspace       used 11761K, capacity 12002K, committed 12056K, reserved 12592K
Event: 4.590 GC heap after
Heap after GC invocations=11 (full 1):
 PSYoungGen      total 151296K, used 14721K [0x9c8c0000, 0xa7000000, 0xa7000000)
  eden space 134912K, 0% used [0x9c8c0000,0x9c8c0000,0xa4c80000)
  from space 16384K, 89% used [0xa6000000,0xa6e605a8,0xa7000000)
  to   space 18176K, 0% used [0xa4c80000,0xa4c80000,0xa5e40000)
 ParOldGen       total 37888K, used 27907K [0x87a00000, 0x89f00000, 0x9c8c0000)
  object space 37888K, 73% used [0x87a00000,0x89540f70,0x89f00000)
 Metaspace       used 11761K, capacity 12002K, committed 12056K, reserved 12592K
}
Event: 6.527 GC heap before
{Heap before GC invocations=12 (full 1):
 PSYoungGen      total 151296K, used 149633K [0x9c8c0000, 0xa7000000, 0xa7000000)
  eden space 134912K, 100% used [0x9c8c0000,0xa4c80000,0xa4c80000)
  from space 16384K, 89% used [0xa6000000,0xa6e605a8,0xa7000000)
  to   space 18176K, 0% used [0xa4c80000,0xa4c80000,0xa5e40000)
 ParOldGen       total 37888K, used 27907K [0x87a00000, 0x89f00000, 0x9c8c0000)
  object space 37888K, 73% used [0x87a00000,0x89540f70,0x89f00000)
 Metaspace       used 17646K, capacity 18403K, committed 18456K, reserved 18736K
Event: 6.559 GC heap after
Heap after GC invocations=12 (full 1):
 PSYoungGen      total 150528K, used 15490K [0x9c8c0000, 0xa7000000, 0xa7000000)
  eden space 134912K, 0% used [0x9c8c0000,0x9c8c0000,0xa4c80000)
  from space 15616K, 99% used [0xa4c80000,0xa5ba0a78,0xa5bc0000)
  to   space 19968K, 0% used [0xa5c80000,0xa5c80000,0xa7000000)
 ParOldGen       total 37888K, used 28631K [0x87a00000, 0x89f00000, 0x9c8c0000)
  object space 37888K, 75% used [0x87a00000,0x895f5fa0,0x89f00000)
 Metaspace       used 17646K, capacity 18403K, committed 18456K, reserved 18736K
}
Event: 7.131 GC heap before
{Heap before GC invocations=13 (full 1):
 PSYoungGen      total 150528K, used 72600K [0x9c8c0000, 0xa7000000, 0xa7000000)
  eden space 134912K, 42% used [0x9c8c0000,0xa0085698,0xa4c80000)
  from space 15616K, 99% used [0xa4c80000,0xa5ba0a78,0xa5bc0000)
  to   space 19968K, 0% used [0xa5c80000,0xa5c80000,0xa7000000)
 ParOldGen       total 37888K, used 28631K [0x87a00000, 0x89f00000, 0x9c8c0000)
  object space 37888K, 75% used [0x87a00000,0x895f5fa0,0x89f00000)
 Metaspace       used 19340K, capacity 20079K, committed 20096K, reserved 20784K
Event: 7.155 GC heap after
Heap after GC invocations=13 (full 1):
 PSYoungGen      total 151552K, used 3372K [0x9c8c0000, 0xa7000000, 0xa7000000)
  eden space 131584K, 0% used [0x9c8c0000,0x9c8c0000,0xa4940000)
  from space 19968K, 16% used [0xa5c80000,0xa5fcb2d8,0xa7000000)
  to   space 19712K, 0% used [0xa4940000,0xa4940000,0xa5c80000)
 ParOldGen       total 37888K, used 31428K [0x87a00000, 0x89f00000, 0x9c8c0000)
  object space 37888K, 82% used [0x87a00000,0x898b12f8,0x89f00000)
 Metaspace       used 19340K, capacity 20079K, committed 20096K, reserved 20784K
}
Event: 7.155 GC heap before
{Heap before GC invocations=14 (full 2):
 PSYoungGen      total 151552K, used 3372K [0x9c8c0000, 0xa7000000, 0xa7000000)
  eden space 131584K, 0% used [0x9c8c0000,0x9c8c0000,0xa4940000)
  from space 19968K, 16% used [0xa5c80000,0xa5fcb2d8,0xa7000000)
  to   space 19712K, 0% used [0xa4940000,0xa4940000,0xa5c80000)
 ParOldGen       total 37888K, used 31428K [0x87a00000, 0x89f00000, 0x9c8c0000)
  object space 37888K, 82% used [0x87a00000,0x898b12f8,0x89f00000)
 Metaspace       used 19340K, capacity 20079K, committed 20096K, reserved 20784K
Event: 7.284 GC heap after
Heap after GC invocations=14 (full 2):
 PSYoungGen      total 151552K, used 0K [0x9c8c0000, 0xa7000000, 0xa7000000)
  eden space 131584K, 0% used [0x9c8c0000,0x9c8c0000,0xa4940000)
  from space 19968K, 0% used [0xa5c80000,0xa5c80000,0xa7000000)
  to   space 19712K, 0% used [0xa4940000,0xa4940000,0xa5c80000)
 ParOldGen       total 36096K, used 15293K [0x87a00000, 0x89d40000, 0x9c8c0000)
  object space 36096K, 42% used [0x87a00000,0x888ef4b8,0x89d40000)
 Metaspace       used 19340K, capacity 20079K, committed 20096K, reserved 20784K
}
Event: 8.327 GC heap before
{Heap before GC invocations=15 (full 2):
 PSYoungGen      total 151552K, used 131584K [0x9c8c0000, 0xa7000000, 0xa7000000)
  eden space 131584K, 100% used [0x9c8c0000,0xa4940000,0xa4940000)
  from space 19968K, 0% used [0xa5c80000,0xa5c80000,0xa7000000)
  to   space 19712K, 0% used [0xa4940000,0xa4940000,0xa5c80000)
 ParOldGen       total 36096K, used 15293K [0x87a00000, 0x89d40000, 0x9c8c0000)
  object space 36096K, 42% used [0x87a00000,0x888ef4b8,0x89d40000)
 Metaspace       used 21655K, capacity 22457K, committed 22528K, reserved 22832K
Event: 8.339 GC heap after
Heap after GC invocations=15 (full 2):
 PSYoungGen      total 136448K, used 4811K [0x9c8c0000, 0xa6ec0000, 0xa7000000)
  eden space 131584K, 0% used [0x9c8c0000,0x9c8c0000,0xa4940000)
  from space 4864K, 98% used [0xa4940000,0xa4df2e80,0xa4e00000)
  to   space 19200K, 0% used [0xa5c00000,0xa5c00000,0xa6ec0000)
 ParOldGen       total 36096K, used 15297K [0x87a00000, 0x89d40000, 0x9c8c0000)
  object space 36096K, 42% used [0x87a00000,0x888f04b8,0x89d40000)
 Metaspace       used 21655K, capacity 22457K, committed 22528K, reserved 22832K
}

