# JRE version: Java(TM) SE Runtime Environment (8.0_181-b13) (build 1.8.0_181-b13)
# Java VM: Java HotSpot(TM) Server VM (25.181-b13 mixed mode linux-x86 )
Heap:
 PSYoungGen      total 133120K, used 109689K [0x9c8c0000, 0xa6e00000, 0xa7000000)
  eden space 128256K, 81% used [0x9c8c0000,0xa2f431b8,0xa4600000)
  from space 4864K, 96% used [0xa4600000,0xa4a9b3b0,0xa4ac0000)
  to   space 20480K, 0% used [0xa5a00000,0xa5a00000,0xa6e00000)
 ParOldGen       total 50432K, used 15719K [0x87a00000, 0x8ab40000, 0x9c8c0000)
  object space 50432K, 31% used [0x87a00000,0x88959fb0,0x8ab40000)
 Metaspace       used 23674K, capacity 24470K, committed 24600K, reserved 24880K
GC Heap History (10 events):
Event: 4.580 GC heap before
{Heap before GC invocations=12 (full 2):
 PSYoungGen      total 144128K, used 14842K [0x9c8c0000, 0xa7000000, 0xa7000000)
  eden space 129280K, 0% used [0x9c8c0000,0x9c8c0000,0xa4700000)
  from space 14848K, 99% used [0xa6180000,0xa6ffea00,0xa7000000)
  to   space 20992K, 0% used [0xa4700000,0xa4700000,0xa5b80000)
 ParOldGen       total 39936K, used 32551K [0x87a00000, 0x8a100000, 0x9c8c0000)
  object space 39936K, 81% used [0x87a00000,0x899c9dc8,0x8a100000)
 Metaspace       used 11791K, capacity 12034K, committed 12184K, reserved 12592K
Event: 4.689 GC heap after
Heap after GC invocations=12 (full 2):
 PSYoungGen      total 144128K, used 0K [0x9c8c0000, 0xa7000000, 0xa7000000)
  eden space 129280K, 0% used [0x9c8c0000,0x9c8c0000,0xa4700000)
  from space 14848K, 0% used [0xa6180000,0xa6180000,0xa7000000)
  to   space 20992K, 0% used [0xa4700000,0xa4700000,0xa5b80000)
 ParOldGen       total 58112K, used 30542K [0x87a00000, 0x8b2c0000, 0x9c8c0000)
  object space 58112K, 52% used [0x87a00000,0x897d3908,0x8b2c0000)
 Metaspace       used 11791K, capacity 12034K, committed 12184K, reserved 12592K
}
Event: 6.479 GC heap before
{Heap before GC invocations=13 (full 2):
 PSYoungGen      total 144128K, used 129280K [0x9c8c0000, 0xa7000000, 0xa7000000)
  eden space 129280K, 100% used [0x9c8c0000,0xa4700000,0xa4700000)
  from space 14848K, 0% used [0xa6180000,0xa6180000,0xa7000000)
  to   space 20992K, 0% used [0xa4700000,0xa4700000,0xa5b80000)
 ParOldGen       total 58112K, used 30542K [0x87a00000, 0x8b2c0000, 0x9c8c0000)
  object space 58112K, 52% used [0x87a00000,0x897d3908,0x8b2c0000)
 Metaspace       used 17664K, capacity 18422K, committed 18456K, reserved 18736K
Event: 6.508 GC heap after
Heap after GC invocations=13 (full 2):
 PSYoungGen      total 143616K, used 14250K [0x9c8c0000, 0xa7000000, 0xa7000000)
  eden space 129280K, 0% used [0x9c8c0000,0x9c8c0000,0xa4700000)
  from space 14336K, 99% used [0xa4700000,0xa54ea8f0,0xa5500000)
  to   space 22016K, 0% used [0xa5a80000,0xa5a80000,0xa7000000)
 ParOldGen       total 58112K, used 30546K [0x87a00000, 0x8b2c0000, 0x9c8c0000)
  object space 58112K, 52% used [0x87a00000,0x897d4908,0x8b2c0000)
 Metaspace       used 17664K, capacity 18422K, committed 18456K, reserved 18736K
}
Event: 7.203 GC heap before
{Heap before GC invocations=14 (full 2):
 PSYoungGen      total 143616K, used 73824K [0x9c8c0000, 0xa7000000, 0xa7000000)
  eden space 129280K, 46% used [0x9c8c0000,0xa02edac8,0xa4700000)
  from space 14336K, 99% used [0xa4700000,0xa54ea8f0,0xa5500000)
  to   space 22016K, 0% used [0xa5a80000,0xa5a80000,0xa7000000)
 ParOldGen       total 58112K, used 30546K [0x87a00000, 0x8b2c0000, 0x9c8c0000)
  object space 58112K, 52% used [0x87a00000,0x897d4908,0x8b2c0000)
 Metaspace       used 19488K, capacity 20253K, committed 20308K, reserved 20784K
Event: 7.225 GC heap after
Heap after GC invocations=14 (full 2):
 PSYoungGen      total 150272K, used 6687K [0x9c8c0000, 0xa7000000, 0xa7000000)
  eden space 128256K, 0% used [0x9c8c0000,0x9c8c0000,0xa4600000)
  from space 22016K, 30% used [0xa5a80000,0xa6107e18,0xa7000000)
  to   space 20992K, 0% used [0xa4600000,0xa4600000,0xa5a80000)
 ParOldGen       total 58112K, used 30550K [0x87a00000, 0x8b2c0000, 0x9c8c0000)
  object space 58112K, 52% used [0x87a00000,0x897d5908,0x8b2c0000)
 Metaspace       used 19488K, capacity 20253K, committed 20308K, reserved 20784K
}
Event: 7.225 GC heap before
{Heap before GC invocations=15 (full 3):
 PSYoungGen      total 150272K, used 6687K [0x9c8c0000, 0xa7000000, 0xa7000000)
  eden space 128256K, 0% used [0x9c8c0000,0x9c8c0000,0xa4600000)
  from space 22016K, 30% used [0xa5a80000,0xa6107e18,0xa7000000)
  to   space 20992K, 0% used [0xa4600000,0xa4600000,0xa5a80000)
 ParOldGen       total 58112K, used 30550K [0x87a00000, 0x8b2c0000, 0x9c8c0000)
  object space 58112K, 52% used [0x87a00000,0x897d5908,0x8b2c0000)
 Metaspace       used 19488K, capacity 20253K, committed 20308K, reserved 20784K
Event: 7.335 GC heap after
Heap after GC invocations=15 (full 3):
 PSYoungGen      total 150272K, used 0K [0x9c8c0000, 0xa7000000, 0xa7000000)
  eden space 128256K, 0% used [0x9c8c0000,0x9c8c0000,0xa4600000)
  from space 22016K, 0% used [0xa5a80000,0xa5a80000,0xa7000000)
  to   space 20992K, 0% used [0xa4600000,0xa4600000,0xa5a80000)
 ParOldGen       total 50432K, used 15715K [0x87a00000, 0x8ab40000, 0x9c8c0000)
  object space 50432K, 31% used [0x87a00000,0x88958fb0,0x8ab40000)
 Metaspace       used 19488K, capacity 20253K, committed 20308K, reserved 20784K
}
Event: 8.523 GC heap before
{Heap before GC invocations=16 (full 3):
 PSYoungGen      total 150272K, used 128256K [0x9c8c0000, 0xa7000000, 0xa7000000)
  eden space 128256K, 100% used [0x9c8c0000,0xa4600000,0xa4600000)
  from space 22016K, 0% used [0xa5a80000,0xa5a80000,0xa7000000)
  to   space 20992K, 0% used [0xa4600000,0xa4600000,0xa5a80000)
 ParOldGen       total 50432K, used 15715K [0x87a00000, 0x8ab40000, 0x9c8c0000)
  object space 50432K, 31% used [0x87a00000,0x88958fb0,0x8ab40000)
 Metaspace       used 21715K, capacity 22503K, committed 22552K, reserved 22832K
Event: 8.534 GC heap after
Heap after GC invocations=16 (full 3):
 PSYoungGen      total 133120K, used 4716K [0x9c8c0000, 0xa6e00000, 0xa7000000)
  eden space 128256K, 0% used [0x9c8c0000,0x9c8c0000,0xa4600000)
  from space 4864K, 96% used [0xa4600000,0xa4a9b3b0,0xa4ac0000)
  to   space 20480K, 0% used [0xa5a00000,0xa5a00000,0xa6e00000)
 ParOldGen       total 50432K, used 15719K [0x87a00000, 0x8ab40000, 0x9c8c0000)
  object space 50432K, 31% used [0x87a00000,0x88959fb0,0x8ab40000)
 Metaspace       used 21715K, capacity 22503K, committed 22552K, reserved 22832K
}

