# JRE version: Java(TM) SE Runtime Environment (8.0_181-b13) (build 1.8.0_181-b13)
# Java VM: Java HotSpot(TM) Server VM (25.181-b13 mixed mode linux-x86 )
Heap:
 PSYoungGen      total 136960K, used 12707K [0x9c8c0000, 0xa6e80000, 0xa7000000)
  eden space 131840K, 5% used [0x9c8c0000,0x9d060160,0xa4980000)
  from space 5120K, 95% used [0xa4980000,0xa4e48cf0,0xa4e80000)
  to   space 18944K, 0% used [0xa5c00000,0xa5c00000,0xa6e80000)
 ParOldGen       total 36608K, used 15776K [0x87a00000, 0x89dc0000, 0x9c8c0000)
  object space 36608K, 43% used [0x87a00000,0x88968250,0x89dc0000)
 Metaspace       used 21831K, capacity 22602K, committed 22680K, reserved 22832K
GC Heap History (10 events):
Event: 4.554 GC heap before
{Heap before GC invocations=11 (full 1):
 PSYoungGen      total 140544K, used 140543K [0x9c8c0000, 0xa7000000, 0xa7000000)
  eden space 128000K, 100% used [0x9c8c0000,0xa45c0000,0xa45c0000)
  from space 12544K, 99% used [0xa45c0000,0xa51ffc58,0xa5200000)
  to   space 16128K, 0% used [0xa6040000,0xa6040000,0xa7000000)
 ParOldGen       total 38144K, used 26139K [0x87a00000, 0x89f40000, 0x9c8c0000)
  object space 38144K, 68% used [0x87a00000,0x89386f58,0x89f40000)
 Metaspace       used 11793K, capacity 12034K, committed 12184K, reserved 12592K
Event: 4.597 GC heap after
Heap after GC invocations=11 (full 1):
 PSYoungGen      total 151040K, used 14842K [0x9c8c0000, 0xa7000000, 0xa7000000)
  eden space 134912K, 0% used [0x9c8c0000,0x9c8c0000,0xa4c80000)
  from space 16128K, 92% used [0xa6040000,0xa6ebe8b8,0xa7000000)
  to   space 18176K, 0% used [0xa4c80000,0xa4c80000,0xa5e40000)
 ParOldGen       total 38144K, used 26143K [0x87a00000, 0x89f40000, 0x9c8c0000)
  object space 38144K, 68% used [0x87a00000,0x89387f58,0x89f40000)
 Metaspace       used 11793K, capacity 12034K, committed 12184K, reserved 12592K
}
Event: 6.585 GC heap before
{Heap before GC invocations=12 (full 1):
 PSYoungGen      total 151040K, used 149754K [0x9c8c0000, 0xa7000000, 0xa7000000)
  eden space 134912K, 100% used [0x9c8c0000,0xa4c80000,0xa4c80000)
  from space 16128K, 92% used [0xa6040000,0xa6ebe8b8,0xa7000000)
  to   space 18176K, 0% used [0xa4c80000,0xa4c80000,0xa5e40000)
 ParOldGen       total 38144K, used 26143K [0x87a00000, 0x89f40000, 0x9c8c0000)
  object space 38144K, 68% used [0x87a00000,0x89387f58,0x89f40000)
 Metaspace       used 17560K, capacity 18321K, committed 18456K, reserved 18736K
Event: 6.613 GC heap after
Heap after GC invocations=12 (full 1):
 PSYoungGen      total 150272K, used 15273K [0x9c8c0000, 0xa7000000, 0xa7000000)
  eden space 134912K, 0% used [0x9c8c0000,0x9c8c0000,0xa4c80000)
  from space 15360K, 99% used [0xa4c80000,0xa5b6a6a0,0xa5b80000)
  to   space 19968K, 0% used [0xa5c80000,0xa5c80000,0xa7000000)
 ParOldGen       total 38144K, used 26859K [0x87a00000, 0x89f40000, 0x9c8c0000)
  object space 38144K, 70% used [0x87a00000,0x8943af78,0x89f40000)
 Metaspace       used 17560K, capacity 18321K, committed 18456K, reserved 18736K
}
Event: 7.385 GC heap before
{Heap before GC invocations=13 (full 1):
 PSYoungGen      total 150272K, used 85413K [0x9c8c0000, 0xa7000000, 0xa7000000)
  eden space 134912K, 51% used [0x9c8c0000,0xa0d3ede0,0xa4c80000)
  from space 15360K, 99% used [0xa4c80000,0xa5b6a6a0,0xa5b80000)
  to   space 19968K, 0% used [0xa5c80000,0xa5c80000,0xa7000000)
 ParOldGen       total 38144K, used 26859K [0x87a00000, 0x89f40000, 0x9c8c0000)
  object space 38144K, 70% used [0x87a00000,0x8943af78,0x89f40000)
 Metaspace       used 19481K, capacity 20253K, committed 20308K, reserved 20784K
Event: 7.404 GC heap after
Heap after GC invocations=13 (full 1):
 PSYoungGen      total 151808K, used 3912K [0x9c8c0000, 0xa7000000, 0xa7000000)
  eden space 131840K, 0% used [0x9c8c0000,0x9c8c0000,0xa4980000)
  from space 19968K, 19% used [0xa5c80000,0xa6052018,0xa7000000)
  to   space 19456K, 0% used [0xa4980000,0xa4980000,0xa5c80000)
 ParOldGen       total 38144K, used 29630K [0x87a00000, 0x89f40000, 0x9c8c0000)
  object space 38144K, 77% used [0x87a00000,0x896efae0,0x89f40000)
 Metaspace       used 19481K, capacity 20253K, committed 20308K, reserved 20784K
}
Event: 7.404 GC heap before
{Heap before GC invocations=14 (full 2):
 PSYoungGen      total 151808K, used 3912K [0x9c8c0000, 0xa7000000, 0xa7000000)
  eden space 131840K, 0% used [0x9c8c0000,0x9c8c0000,0xa4980000)
  from space 19968K, 19% used [0xa5c80000,0xa6052018,0xa7000000)
  to   space 19456K, 0% used [0xa4980000,0xa4980000,0xa5c80000)
 ParOldGen       total 38144K, used 29630K [0x87a00000, 0x89f40000, 0x9c8c0000)
  object space 38144K, 77% used [0x87a00000,0x896efae0,0x89f40000)
 Metaspace       used 19481K, capacity 20253K, committed 20308K, reserved 20784K
Event: 7.507 GC heap after
Heap after GC invocations=14 (full 2):
 PSYoungGen      total 151808K, used 0K [0x9c8c0000, 0xa7000000, 0xa7000000)
  eden space 131840K, 0% used [0x9c8c0000,0x9c8c0000,0xa4980000)
  from space 19968K, 0% used [0xa5c80000,0xa5c80000,0xa7000000)
  to   space 19456K, 0% used [0xa4980000,0xa4980000,0xa5c80000)
 ParOldGen       total 36608K, used 15772K [0x87a00000, 0x89dc0000, 0x9c8c0000)
  object space 36608K, 43% used [0x87a00000,0x88967250,0x89dc0000)
 Metaspace       used 19481K, capacity 20253K, committed 20308K, reserved 20784K
}
Event: 8.783 GC heap before
{Heap before GC invocations=15 (full 2):
 PSYoungGen      total 151808K, used 131840K [0x9c8c0000, 0xa7000000, 0xa7000000)
  eden space 131840K, 100% used [0x9c8c0000,0xa4980000,0xa4980000)
  from space 19968K, 0% used [0xa5c80000,0xa5c80000,0xa7000000)
  to   space 19456K, 0% used [0xa4980000,0xa4980000,0xa5c80000)
 ParOldGen       total 36608K, used 15772K [0x87a00000, 0x89dc0000, 0x9c8c0000)
  object space 36608K, 43% used [0x87a00000,0x88967250,0x89dc0000)
 Metaspace       used 21781K, capacity 22538K, committed 22680K, reserved 22832K
Event: 8.794 GC heap after
Heap after GC invocations=15 (full 2):
 PSYoungGen      total 136960K, used 4899K [0x9c8c0000, 0xa6e80000, 0xa7000000)
  eden space 131840K, 0% used [0x9c8c0000,0x9c8c0000,0xa4980000)
  from space 5120K, 95% used [0xa4980000,0xa4e48cf0,0xa4e80000)
  to   space 18944K, 0% used [0xa5c00000,0xa5c00000,0xa6e80000)
 ParOldGen       total 36608K, used 15776K [0x87a00000, 0x89dc0000, 0x9c8c0000)
  object space 36608K, 43% used [0x87a00000,0x88968250,0x89dc0000)
 Metaspace       used 21781K, capacity 22538K, committed 22680K, reserved 22832K
}

