# JRE version: Java(TM) SE Runtime Environment (8.0_181-b13) (build 1.8.0_181-b13)
# Java VM: Java HotSpot(TM) Server VM (25.181-b13 mixed mode linux-x86 )
Heap:
 PSYoungGen      total 136960K, used 21269K [0x9c8c0000, 0xa6e80000, 0xa7000000)
  eden space 131328K, 11% used [0x9c8c0000,0x9d81db00,0xa4900000)
  from space 5632K, 98% used [0xa4900000,0xa4e67ba0,0xa4e80000)
  to   space 19200K, 0% used [0xa5bc0000,0xa5bc0000,0xa6e80000)
 ParOldGen       total 35840K, used 15116K [0x87a00000, 0x89d00000, 0x9c8c0000)
  object space 35840K, 42% used [0x87a00000,0x888c32d0,0x89d00000)
 Metaspace       used 21980K, capacity 22779K, committed 22912K, reserved 23856K
GC Heap History (10 events):
Event: 4.488 GC heap before
{Heap before GC invocations=11 (full 1):
 PSYoungGen      total 140032K, used 140028K [0x9c8c0000, 0xa7000000, 0xa7000000)
  eden space 128512K, 100% used [0x9c8c0000,0xa4640000,0xa4640000)
  from space 11520K, 99% used [0xa4640000,0xa517f218,0xa5180000)
  to   space 14336K, 0% used [0xa6200000,0xa6200000,0xa7000000)
 ParOldGen       total 38400K, used 24470K [0x87a00000, 0x89f80000, 0x9c8c0000)
  object space 38400K, 63% used [0x87a00000,0x891e59a0,0x89f80000)
 Metaspace       used 11784K, capacity 12002K, committed 12056K, reserved 12592K
Event: 4.542 GC heap after
Heap after GC invocations=11 (full 1):
 PSYoungGen      total 148224K, used 14331K [0x9c8c0000, 0xa7000000, 0xa7000000)
  eden space 133888K, 0% used [0x9c8c0000,0x9c8c0000,0xa4b80000)
  from space 14336K, 99% used [0xa6200000,0xa6ffef80,0xa7000000)
  to   space 18688K, 0% used [0xa4b80000,0xa4b80000,0xa5dc0000)
 ParOldGen       total 38400K, used 30639K [0x87a00000, 0x89f80000, 0x9c8c0000)
  object space 38400K, 79% used [0x87a00000,0x897ebe50,0x89f80000)
 Metaspace       used 11784K, capacity 12002K, committed 12056K, reserved 12592K
}
Event: 6.470 GC heap before
{Heap before GC invocations=12 (full 1):
 PSYoungGen      total 148224K, used 148219K [0x9c8c0000, 0xa7000000, 0xa7000000)
  eden space 133888K, 100% used [0x9c8c0000,0xa4b80000,0xa4b80000)
  from space 14336K, 99% used [0xa6200000,0xa6ffef80,0xa7000000)
  to   space 18688K, 0% used [0xa4b80000,0xa4b80000,0xa5dc0000)
 ParOldGen       total 38400K, used 30639K [0x87a00000, 0x89f80000, 0x9c8c0000)
  object space 38400K, 79% used [0x87a00000,0x897ebe50,0x89f80000)
 Metaspace       used 17956K, capacity 18733K, committed 18840K, reserved 19760K
Event: 6.510 GC heap after
Heap after GC invocations=12 (full 1):
 PSYoungGen      total 148224K, used 14308K [0x9c8c0000, 0xa7000000, 0xa7000000)
  eden space 133888K, 0% used [0x9c8c0000,0x9c8c0000,0xa4b80000)
  from space 14336K, 99% used [0xa4b80000,0xa59791f8,0xa5980000)
  to   space 19968K, 0% used [0xa5c80000,0xa5c80000,0xa7000000)
 ParOldGen       total 38400K, used 31343K [0x87a00000, 0x89f80000, 0x9c8c0000)
  object space 38400K, 81% used [0x87a00000,0x8989be70,0x89f80000)
 Metaspace       used 17956K, capacity 18733K, committed 18840K, reserved 19760K
}
Event: 7.030 GC heap before
{Heap before GC invocations=13 (full 1):
 PSYoungGen      total 148224K, used 54906K [0x9c8c0000, 0xa7000000, 0xa7000000)
  eden space 133888K, 30% used [0x9c8c0000,0x9f0657f0,0xa4b80000)
  from space 14336K, 99% used [0xa4b80000,0xa59791f8,0xa5980000)
  to   space 19968K, 0% used [0xa5c80000,0xa5c80000,0xa7000000)
 ParOldGen       total 38400K, used 31343K [0x87a00000, 0x89f80000, 0x9c8c0000)
  object space 38400K, 81% used [0x87a00000,0x8989be70,0x89f80000)
 Metaspace       used 19292K, capacity 20079K, committed 20096K, reserved 20784K
Event: 7.062 GC heap after
Heap after GC invocations=13 (full 1):
 PSYoungGen      total 151296K, used 3115K [0x9c8c0000, 0xa7000000, 0xa7000000)
  eden space 131328K, 0% used [0x9c8c0000,0x9c8c0000,0xa4900000)
  from space 19968K, 15% used [0xa5c80000,0xa5f8ad80,0xa7000000)
  to   space 19968K, 0% used [0xa4900000,0xa4900000,0xa5c80000)
 ParOldGen       total 38400K, used 34216K [0x87a00000, 0x89f80000, 0x9c8c0000)
  object space 38400K, 89% used [0x87a00000,0x89b6a1a8,0x89f80000)
 Metaspace       used 19292K, capacity 20079K, committed 20096K, reserved 20784K
}
Event: 7.062 GC heap before
{Heap before GC invocations=14 (full 2):
 PSYoungGen      total 151296K, used 3115K [0x9c8c0000, 0xa7000000, 0xa7000000)
  eden space 131328K, 0% used [0x9c8c0000,0x9c8c0000,0xa4900000)
  from space 19968K, 15% used [0xa5c80000,0xa5f8ad80,0xa7000000)
  to   space 19968K, 0% used [0xa4900000,0xa4900000,0xa5c80000)
 ParOldGen       total 38400K, used 34216K [0x87a00000, 0x89f80000, 0x9c8c0000)
  object space 38400K, 89% used [0x87a00000,0x89b6a1a8,0x89f80000)
 Metaspace       used 19292K, capacity 20079K, committed 20096K, reserved 20784K
Event: 7.161 GC heap after
Heap after GC invocations=14 (full 2):
 PSYoungGen      total 151296K, used 0K [0x9c8c0000, 0xa7000000, 0xa7000000)
  eden space 131328K, 0% used [0x9c8c0000,0x9c8c0000,0xa4900000)
  from space 19968K, 0% used [0xa5c80000,0xa5c80000,0xa7000000)
  to   space 19968K, 0% used [0xa4900000,0xa4900000,0xa5c80000)
 ParOldGen       total 35840K, used 15112K [0x87a00000, 0x89d00000, 0x9c8c0000)
  object space 35840K, 42% used [0x87a00000,0x888c22d0,0x89d00000)
 Metaspace       used 19292K, capacity 20079K, committed 20096K, reserved 20784K
}
Event: 8.520 GC heap before
{Heap before GC invocations=15 (full 2):
 PSYoungGen      total 151296K, used 131328K [0x9c8c0000, 0xa7000000, 0xa7000000)
  eden space 131328K, 100% used [0x9c8c0000,0xa4900000,0xa4900000)
  from space 19968K, 0% used [0xa5c80000,0xa5c80000,0xa7000000)
  to   space 19968K, 0% used [0xa4900000,0xa4900000,0xa5c80000)
 ParOldGen       total 35840K, used 15112K [0x87a00000, 0x89d00000, 0x9c8c0000)
  object space 35840K, 42% used [0x87a00000,0x888c22d0,0x89d00000)
 Metaspace       used 21896K, capacity 22683K, committed 22784K, reserved 22832K
Event: 8.533 GC heap after
Heap after GC invocations=15 (full 2):
 PSYoungGen      total 136960K, used 5534K [0x9c8c0000, 0xa6e80000, 0xa7000000)
  eden space 131328K, 0% used [0x9c8c0000,0x9c8c0000,0xa4900000)
  from space 5632K, 98% used [0xa4900000,0xa4e67ba0,0xa4e80000)
  to   space 19200K, 0% used [0xa5bc0000,0xa5bc0000,0xa6e80000)
 ParOldGen       total 35840K, used 15116K [0x87a00000, 0x89d00000, 0x9c8c0000)
  object space 35840K, 42% used [0x87a00000,0x888c32d0,0x89d00000)
 Metaspace       used 21896K, capacity 22683K, committed 22784K, reserved 22832K
}

