# JRE version: Java(TM) SE Runtime Environment (8.0_181-b13) (build 1.8.0_181-b13)
# Java VM: Java HotSpot(TM) Server VM (25.181-b13 mixed mode linux-x86 )
Heap:
 PSYoungGen      total 150784K, used 90801K [0x9c8c0000, 0xa7000000, 0xa7000000)
  eden space 129536K, 65% used [0x9c8c0000,0xa1b96ba8,0xa4740000)
  from space 21248K, 28% used [0xa5b40000,0xa6115ab8,0xa7000000)
  to   space 20480K, 0% used [0xa4740000,0xa4740000,0xa5b40000)
 ParOldGen       total 46848K, used 23612K [0x87a00000, 0x8a7c0000, 0x9c8c0000)
  object space 46848K, 50% used [0x87a00000,0x8910f2e0,0x8a7c0000)
 Metaspace       used 21979K, capacity 22779K, committed 22808K, reserved 22832K
GC Heap History (10 events):
Event: 3.866 GC heap before
{Heap before GC invocations=10 (full 1):
 PSYoungGen      total 140032K, used 11515K [0x9c8c0000, 0xa7000000, 0xa7000000)
  eden space 128512K, 0% used [0x9c8c0000,0x9c8c0000,0xa4640000)
  from space 11520K, 99% used [0xa4640000,0xa517eca0,0xa5180000)
  to   space 14848K, 0% used [0xa6180000,0xa6180000,0xa7000000)
 ParOldGen       total 22016K, used 20683K [0x87a00000, 0x88f80000, 0x9c8c0000)
  object space 22016K, 93% used [0x87a00000,0x88e32c10,0x88f80000)
 Metaspace       used 11780K, capacity 12002K, committed 12056K, reserved 12592K
Event: 3.973 GC heap after
Heap after GC invocations=10 (full 1):
 PSYoungGen      total 140032K, used 7145K [0x9c8c0000, 0xa7000000, 0xa7000000)
  eden space 128512K, 0% used [0x9c8c0000,0x9c8c0000,0xa4640000)
  from space 11520K, 62% used [0xa4640000,0xa4d3a740,0xa5180000)
  to   space 14848K, 0% used [0xa6180000,0xa6180000,0xa7000000)
 ParOldGen       total 38912K, used 21856K [0x87a00000, 0x8a000000, 0x9c8c0000)
  object space 38912K, 56% used [0x87a00000,0x88f582f8,0x8a000000)
 Metaspace       used 11780K, capacity 12002K, committed 12056K, reserved 12592K
}
Event: 4.500 GC heap before
{Heap before GC invocations=11 (full 1):
 PSYoungGen      total 140032K, used 135657K [0x9c8c0000, 0xa7000000, 0xa7000000)
  eden space 128512K, 100% used [0x9c8c0000,0xa4640000,0xa4640000)
  from space 11520K, 62% used [0xa4640000,0xa4d3a740,0xa5180000)
  to   space 14848K, 0% used [0xa6180000,0xa6180000,0xa7000000)
 ParOldGen       total 38912K, used 21856K [0x87a00000, 0x8a000000, 0x9c8c0000)
  object space 38912K, 56% used [0x87a00000,0x88f582f8,0x8a000000)
 Metaspace       used 11782K, capacity 12002K, committed 12056K, reserved 12592K
Event: 4.559 GC heap after
Heap after GC invocations=11 (full 1):
 PSYoungGen      total 145664K, used 14843K [0x9c8c0000, 0xa7000000, 0xa7000000)
  eden space 130816K, 0% used [0x9c8c0000,0x9c8c0000,0xa4880000)
  from space 14848K, 99% used [0xa6180000,0xa6ffef88,0xa7000000)
  to   space 20224K, 0% used [0xa4880000,0xa4880000,0xa5c40000)
 ParOldGen       total 38912K, used 30284K [0x87a00000, 0x8a000000, 0x9c8c0000)
  object space 38912K, 77% used [0x87a00000,0x897931f8,0x8a000000)
 Metaspace       used 11782K, capacity 12002K, committed 12056K, reserved 12592K
}
Event: 6.560 GC heap before
{Heap before GC invocations=12 (full 1):
 PSYoungGen      total 145664K, used 145659K [0x9c8c0000, 0xa7000000, 0xa7000000)
  eden space 130816K, 100% used [0x9c8c0000,0xa4880000,0xa4880000)
  from space 14848K, 99% used [0xa6180000,0xa6ffef88,0xa7000000)
  to   space 20224K, 0% used [0xa4880000,0xa4880000,0xa5c40000)
 ParOldGen       total 38912K, used 30284K [0x87a00000, 0x8a000000, 0x9c8c0000)
  object space 38912K, 77% used [0x87a00000,0x897931f8,0x8a000000)
 Metaspace       used 17863K, capacity 18632K, committed 18712K, reserved 18736K
Event: 6.612 GC heap after
Heap after GC invocations=12 (full 1):
 PSYoungGen      total 145152K, used 14235K [0x9c8c0000, 0xa7000000, 0xa7000000)
  eden space 130816K, 0% used [0x9c8c0000,0x9c8c0000,0xa4880000)
  from space 14336K, 99% used [0xa4880000,0xa5666e18,0xa5680000)
  to   space 21248K, 0% used [0xa5b40000,0xa5b40000,0xa7000000)
 ParOldGen       total 38912K, used 34869K [0x87a00000, 0x8a000000, 0x9c8c0000)
  object space 38912K, 89% used [0x87a00000,0x89c0d508,0x8a000000)
 Metaspace       used 17863K, capacity 18632K, committed 18712K, reserved 18736K
}
Event: 6.612 GC heap before
{Heap before GC invocations=13 (full 2):
 PSYoungGen      total 145152K, used 14235K [0x9c8c0000, 0xa7000000, 0xa7000000)
  eden space 130816K, 0% used [0x9c8c0000,0x9c8c0000,0xa4880000)
  from space 14336K, 99% used [0xa4880000,0xa5666e18,0xa5680000)
  to   space 21248K, 0% used [0xa5b40000,0xa5b40000,0xa7000000)
 ParOldGen       total 38912K, used 34869K [0x87a00000, 0x8a000000, 0x9c8c0000)
  object space 38912K, 89% used [0x87a00000,0x89c0d508,0x8a000000)
 Metaspace       used 17863K, capacity 18632K, committed 18712K, reserved 18736K
Event: 6.746 GC heap after
Heap after GC invocations=13 (full 2):
 PSYoungGen      total 145152K, used 0K [0x9c8c0000, 0xa7000000, 0xa7000000)
  eden space 130816K, 0% used [0x9c8c0000,0x9c8c0000,0xa4880000)
  from space 14336K, 0% used [0xa4880000,0xa4880000,0xa5680000)
  to   space 21248K, 0% used [0xa5b40000,0xa5b40000,0xa7000000)
 ParOldGen       total 46848K, used 23608K [0x87a00000, 0x8a7c0000, 0x9c8c0000)
  object space 46848K, 50% used [0x87a00000,0x8910e2e0,0x8a7c0000)
 Metaspace       used 17863K, capacity 18632K, committed 18712K, reserved 18736K
}
Event: 7.954 GC heap before
{Heap before GC invocations=14 (full 2):
 PSYoungGen      total 145152K, used 130816K [0x9c8c0000, 0xa7000000, 0xa7000000)
  eden space 130816K, 100% used [0x9c8c0000,0xa4880000,0xa4880000)
  from space 14336K, 0% used [0xa4880000,0xa4880000,0xa5680000)
  to   space 21248K, 0% used [0xa5b40000,0xa5b40000,0xa7000000)
 ParOldGen       total 46848K, used 23608K [0x87a00000, 0x8a7c0000, 0x9c8c0000)
  object space 46848K, 50% used [0x87a00000,0x8910e2e0,0x8a7c0000)
 Metaspace       used 20945K, capacity 21748K, committed 21784K, reserved 21808K
Event: 7.978 GC heap after
Heap after GC invocations=14 (full 2):
 PSYoungGen      total 150784K, used 5974K [0x9c8c0000, 0xa7000000, 0xa7000000)
  eden space 129536K, 0% used [0x9c8c0000,0x9c8c0000,0xa4740000)
  from space 21248K, 28% used [0xa5b40000,0xa6115ab8,0xa7000000)
  to   space 20480K, 0% used [0xa4740000,0xa4740000,0xa5b40000)
 ParOldGen       total 46848K, used 23612K [0x87a00000, 0x8a7c0000, 0x9c8c0000)
  object space 46848K, 50% used [0x87a00000,0x8910f2e0,0x8a7c0000)
 Metaspace       used 20945K, capacity 21748K, committed 21784K, reserved 21808K
}

